<?xml version="1.0" encoding="UTF-8" ?>
<testsuite failures="0" time="0.21" errors="0" skipped="0" tests="6" name="CodecsTest">
  <properties>
[...]
</properties>
  <testcase time="0.092" classname="CodecsTest" name="testFastjsonCodec"/>
  <testcase time="0.053" classname="CodecsTest" name="outKryo"/>
  <testcase time="0.044" classname="CodecsTest" name="testHessianCodec"/>
  <testcase time="0.017" classname="CodecsTest" name="testJavaCodec"/>
  <testcase time="0.004" classname="CodecsTest" name="testKryoCodec"/>
  <testcase time="0" classname="CodecsTest" name="loadKryo"/>
</testsuite>